d:\新建文件夹\新建文件夹 (2)\code\commentconvert\commentconvert\debug\vc120.pdb
d:\新建文件夹\新建文件夹 (2)\code\commentconvert\commentconvert\debug\vc120.idb
d:\新建文件夹\新建文件夹 (2)\code\commentconvert\commentconvert\debug\commentconver.obj
d:\新建文件夹\新建文件夹 (2)\code\commentconvert\commentconvert\debug\test.obj
d:\新建文件夹\新建文件夹 (2)\code\小东东\commentconvert\commentconvert\debug\vc120.pdb
d:\新建文件夹\新建文件夹 (2)\code\小东东\commentconvert\commentconvert\debug\vc120.idb
d:\新建文件夹\新建文件夹 (2)\code\小东东\commentconvert\commentconvert\debug\commentconver.obj
d:\新建文件夹\新建文件夹 (2)\code\小东东\commentconvert\commentconvert\debug\test.obj
d:\新建文件夹\新建文件夹 (2)\code\commentconvert\debug\commentconvert.ilk
d:\新建文件夹\新建文件夹 (2)\code\commentconvert\debug\commentconvert.exe
d:\新建文件夹\新建文件夹 (2)\code\commentconvert\debug\commentconvert.pdb
d:\新建文件夹\新建文件夹 (2)\code\小东东\commentconvert\debug\commentconvert.ilk
d:\新建文件夹\新建文件夹 (2)\code\小东东\commentconvert\debug\commentconvert.exe
d:\新建文件夹\新建文件夹 (2)\code\小东东\commentconvert\debug\commentconvert.pdb
d:\新建文件夹\新建文件夹 (2)\code\小东东\commentconvert\commentconvert\debug\commentconvert.tlog\cl.command.1.tlog
d:\新建文件夹\新建文件夹 (2)\code\小东东\commentconvert\commentconvert\debug\commentconvert.tlog\cl.read.1.tlog
d:\新建文件夹\新建文件夹 (2)\code\小东东\commentconvert\commentconvert\debug\commentconvert.tlog\cl.write.1.tlog
d:\新建文件夹\新建文件夹 (2)\code\小东东\commentconvert\commentconvert\debug\commentconvert.tlog\link.command.1.tlog
d:\新建文件夹\新建文件夹 (2)\code\小东东\commentconvert\commentconvert\debug\commentconvert.tlog\link.read.1.tlog
d:\新建文件夹\新建文件夹 (2)\code\小东东\commentconvert\commentconvert\debug\commentconvert.tlog\link.write.1.tlog
